Analysis & Synthesis report for out_set_reg
Thu Mar 25 16:26:15 2021
Quartus II Version 9.0 Build 235 06/17/2009 Service Pack 2 SJ Web Edition


---------------------
; Table of Contents ;
---------------------
  1. Legal Notice
  2. Analysis & Synthesis Summary
  3. Analysis & Synthesis Settings
  4. Analysis & Synthesis Source Files Read
  5. Analysis & Synthesis Resource Usage Summary
  6. Analysis & Synthesis Resource Utilization by Entity
  7. General Register Statistics
  8. Port Connectivity Checks: "reg_out_unit:inst9|separate_regs_out:separate_regs_out_my|Reg_out:Reg_out_15"
  9. Analysis & Synthesis Messages
 10. Analysis & Synthesis Suppressed Messages



----------------
; Legal Notice ;
----------------
Copyright (C) 1991-2009 Altera Corporation
Your use of Altera Corporation's design tools, logic functions 
and other software and tools, and its AMPP partner logic 
functions, and any output files from any of the foregoing 
(including device programming or simulation files), and any 
associated documentation or information are expressly subject 
to the terms and conditions of the Altera Program License 
Subscription Agreement, Altera MegaCore Function License 
Agreement, or other applicable license agreement, including, 
without limitation, that your use is for the sole purpose of 
programming logic devices manufactured by Altera and sold by 
Altera or its authorized distributors.  Please refer to the 
applicable agreement for further details.



+----------------------------------------------------------------------------+
; Analysis & Synthesis Summary                                               ;
+-----------------------------+----------------------------------------------+
; Analysis & Synthesis Status ; Successful - Thu Mar 25 16:26:15 2021        ;
; Quartus II Version          ; 9.0 Build 235 06/17/2009 SP 2 SJ Web Edition ;
; Revision Name               ; out_set_reg                                  ;
; Top-level Entity Name       ; General_block_diagram                        ;
; Family                      ; FLEX10KE                                     ;
; Total logic elements        ; 76                                           ;
; Total pins                  ; 69                                           ;
; Total memory bits           ; 0                                            ;
; Total PLLs                  ; 0                                            ;
+-----------------------------+----------------------------------------------+


+------------------------------------------------------------------------------------------------------+
; Analysis & Synthesis Settings                                                                        ;
+--------------------------------------------------------------+-----------------------+---------------+
; Option                                                       ; Setting               ; Default Value ;
+--------------------------------------------------------------+-----------------------+---------------+
; Device                                                       ; EPF10K50SQC240-3      ;               ;
; Top-level entity name                                        ; General_block_diagram ; out_set_reg   ;
; Family name                                                  ; FLEX10KE              ; Stratix II    ;
; Type of Retiming Performed During Resynthesis                ; Full                  ;               ;
; Resynthesis Optimization Effort                              ; Normal                ;               ;
; Physical Synthesis Level for Resynthesis                     ; Normal                ;               ;
; Use Generated Physical Constraints File                      ; On                    ;               ;
; Use smart compilation                                        ; Off                   ; Off           ;
; Create Debugging Nodes for IP Cores                          ; Off                   ; Off           ;
; Preserve fewer node names                                    ; On                    ; On            ;
; Disable OpenCore Plus hardware evaluation                    ; Off                   ; Off           ;
; Verilog Version                                              ; Verilog_2001          ; Verilog_2001  ;
; VHDL Version                                                 ; VHDL93                ; VHDL93        ;
; State Machine Processing                                     ; Auto                  ; Auto          ;
; Safe State Machine                                           ; Off                   ; Off           ;
; Extract Verilog State Machines                               ; On                    ; On            ;
; Extract VHDL State Machines                                  ; On                    ; On            ;
; Ignore Verilog initial constructs                            ; Off                   ; Off           ;
; Iteration limit for constant Verilog loops                   ; 5000                  ; 5000          ;
; Iteration limit for non-constant Verilog loops               ; 250                   ; 250           ;
; Add Pass-Through Logic to Inferred RAMs                      ; On                    ; On            ;
; Parallel Synthesis                                           ; Off                   ; Off           ;
; NOT Gate Push-Back                                           ; On                    ; On            ;
; Power-Up Don't Care                                          ; On                    ; On            ;
; Remove Redundant Logic Cells                                 ; Off                   ; Off           ;
; Remove Duplicate Registers                                   ; On                    ; On            ;
; Ignore CARRY Buffers                                         ; Off                   ; Off           ;
; Ignore CASCADE Buffers                                       ; Off                   ; Off           ;
; Ignore GLOBAL Buffers                                        ; Off                   ; Off           ;
; Ignore ROW GLOBAL Buffers                                    ; Off                   ; Off           ;
; Ignore LCELL Buffers                                         ; Off                   ; Off           ;
; Ignore SOFT Buffers                                          ; On                    ; On            ;
; Limit AHDL Integers to 32 Bits                               ; Off                   ; Off           ;
; Auto Implement in ROM                                        ; Off                   ; Off           ;
; Optimization Technique                                       ; Area                  ; Area          ;
; Carry Chain Length                                           ; 32                    ; 32            ;
; Cascade Chain Length                                         ; 2                     ; 2             ;
; Auto Carry Chains                                            ; On                    ; On            ;
; Auto Open-Drain Pins                                         ; On                    ; On            ;
; Auto ROM Replacement                                         ; On                    ; On            ;
; Auto RAM Replacement                                         ; On                    ; On            ;
; Auto Clock Enable Replacement                                ; On                    ; On            ;
; Strict RAM Replacement                                       ; Off                   ; Off           ;
; Auto Resource Sharing                                        ; Off                   ; Off           ;
; Allow Any RAM Size For Recognition                           ; Off                   ; Off           ;
; Allow Any ROM Size For Recognition                           ; Off                   ; Off           ;
; Use LogicLock Constraints during Resource Balancing          ; On                    ; On            ;
; Ignore translate_off and synthesis_off directives            ; Off                   ; Off           ;
; Show Parameter Settings Tables in Synthesis Report           ; On                    ; On            ;
; HDL message level                                            ; Level2                ; Level2        ;
; Suppress Register Optimization Related Messages              ; Off                   ; Off           ;
; Number of Removed Registers Reported in Synthesis Report     ; 100                   ; 100           ;
; Number of Inverted Registers Reported in Synthesis Report    ; 100                   ; 100           ;
; Block Design Naming                                          ; Auto                  ; Auto          ;
; Synthesis Effort                                             ; Auto                  ; Auto          ;
; Shift Register Replacement - Allow Asynchronous Clear Signal ; On                    ; On            ;
; Analysis & Synthesis Message Level                           ; Medium                ; Medium        ;
+--------------------------------------------------------------+-----------------------+---------------+


+---------------------------------------------------------------------------------------------------------------------------------------------------------+
; Analysis & Synthesis Source Files Read                                                                                                                  ;
+----------------------------------+-----------------+------------------------------------+---------------------------------------------------------------+
; File Name with User-Entered Path ; Used in Netlist ; File Type                          ; File Name with Absolute Path                                  ;
+----------------------------------+-----------------+------------------------------------+---------------------------------------------------------------+
; separate_regs_out.sv             ; yes             ; User SystemVerilog HDL File        ; C:/Users/HFE-RM/Desktop/MKDS V2_old/separate_regs_out.sv      ;
; DEC_for_regs.sv                  ; yes             ; User SystemVerilog HDL File        ; C:/Users/HFE-RM/Desktop/MKDS V2_old/DEC_for_regs.sv           ;
; DEC_for_dir.sv                   ; yes             ; User SystemVerilog HDL File        ; C:/Users/HFE-RM/Desktop/MKDS V2_old/DEC_for_dir.sv            ;
; regs_dir_out.sv                  ; yes             ; User SystemVerilog HDL File        ; C:/Users/HFE-RM/Desktop/MKDS V2_old/regs_dir_out.sv           ;
; delay_3.sv                       ; yes             ; User SystemVerilog HDL File        ; C:/Users/HFE-RM/Desktop/MKDS V2_old/delay_3.sv                ;
; General_block_diagram.bdf        ; yes             ; User Block Diagram/Schematic File  ; C:/Users/HFE-RM/Desktop/MKDS V2_old/General_block_diagram.bdf ;
; DEC_common.sv                    ; yes             ; User SystemVerilog HDL File        ; C:/Users/HFE-RM/Desktop/MKDS V2_old/DEC_common.sv             ;
; control_logic_unit.sv            ; yes             ; User SystemVerilog HDL File        ; C:/Users/HFE-RM/Desktop/MKDS V2_old/control_logic_unit.sv     ;
; reg_out_unit.sv                  ; yes             ; User SystemVerilog HDL File        ; C:/Users/HFE-RM/Desktop/MKDS V2_old/reg_out_unit.sv           ;
+----------------------------------+-----------------+------------------------------------+---------------------------------------------------------------+


+----------------------------------------------+
; Analysis & Synthesis Resource Usage Summary  ;
+--------------------------------+-------------+
; Resource                       ; Usage       ;
+--------------------------------+-------------+
; Total logic elements           ; 76          ;
; Total combinational functions  ; 37          ;
;     -- Total 4-input functions ; 32          ;
;     -- Total 3-input functions ; 5           ;
;     -- Total 2-input functions ; 0           ;
;     -- Total 1-input functions ; 0           ;
;     -- Total 0-input functions ; 0           ;
; Total registers                ; 39          ;
; I/O pins                       ; 69          ;
; Maximum fan-out node           ; data_in[15] ;
; Maximum fan-out                ; 39          ;
; Total fan-out                  ; 344         ;
; Average fan-out                ; 2.37        ;
+--------------------------------+-------------+


+------------------------------------------------------------------------------------------------------------------------------------------------------------------------------------------------------------------------------------------------------------------------------------------------------------+
; Analysis & Synthesis Resource Utilization by Entity                                                                                                                                                                                                                                                        ;
+------------------------------------------------+-------------+--------------+-------------+------+--------------+-------------------+------------------+-----------------+------------+-----------------------------------------------------------------------------------------------------+--------------+
; Compilation Hierarchy Node                     ; Logic Cells ; LC Registers ; Memory Bits ; Pins ; LUT-Only LCs ; Register-Only LCs ; LUT/Register LCs ; Carry Chain LCs ; Packed LCs ; Full Hierarchy Name                                                                                 ; Library Name ;
+------------------------------------------------+-------------+--------------+-------------+------+--------------+-------------------+------------------+-----------------+------------+-----------------------------------------------------------------------------------------------------+--------------+
; |General_block_diagram                         ; 76 (0)      ; 39           ; 0           ; 69   ; 37 (0)       ; 39 (0)            ; 0 (0)            ; 0 (0)           ; 0 (0)      ; |General_block_diagram                                                                              ; work         ;
;    |control_logic_unit:inst|                   ; 40 (0)      ; 3            ; 0           ; 0    ; 37 (0)       ; 3 (0)             ; 0 (0)            ; 0 (0)           ; 0 (0)      ; |General_block_diagram|control_logic_unit:inst                                                      ; work         ;
;       |DEC_common:DEC_common_my|               ; 37 (0)      ; 0            ; 0           ; 0    ; 37 (0)       ; 0 (0)             ; 0 (0)            ; 0 (0)           ; 0 (0)      ; |General_block_diagram|control_logic_unit:inst|DEC_common:DEC_common_my                             ; work         ;
;          |DEC_for_dir:DEC_for_dir_1|           ; 5 (5)       ; 0            ; 0           ; 0    ; 5 (5)        ; 0 (0)             ; 0 (0)            ; 0 (0)           ; 0 (0)      ; |General_block_diagram|control_logic_unit:inst|DEC_common:DEC_common_my|DEC_for_dir:DEC_for_dir_1   ; work         ;
;          |DEC_for_regs:DEC_for_regs_1|         ; 32 (32)     ; 0            ; 0           ; 0    ; 32 (32)      ; 0 (0)             ; 0 (0)            ; 0 (0)           ; 0 (0)      ; |General_block_diagram|control_logic_unit:inst|DEC_common:DEC_common_my|DEC_for_regs:DEC_for_regs_1 ; work         ;
;       |delay_3:delay_3_my|                     ; 3 (0)       ; 3            ; 0           ; 0    ; 0 (0)        ; 3 (0)             ; 0 (0)            ; 0 (0)           ; 0 (0)      ; |General_block_diagram|control_logic_unit:inst|delay_3:delay_3_my                                   ; work         ;
;          |d_trig:d_trig_1|                     ; 1 (1)       ; 1            ; 0           ; 0    ; 0 (0)        ; 1 (1)             ; 0 (0)            ; 0 (0)           ; 0 (0)      ; |General_block_diagram|control_logic_unit:inst|delay_3:delay_3_my|d_trig:d_trig_1                   ; work         ;
;          |d_trig:d_trig_2|                     ; 1 (1)       ; 1            ; 0           ; 0    ; 0 (0)        ; 1 (1)             ; 0 (0)            ; 0 (0)           ; 0 (0)      ; |General_block_diagram|control_logic_unit:inst|delay_3:delay_3_my|d_trig:d_trig_2                   ; work         ;
;          |d_trig:d_trig_3|                     ; 1 (1)       ; 1            ; 0           ; 0    ; 0 (0)        ; 1 (1)             ; 0 (0)            ; 0 (0)           ; 0 (0)      ; |General_block_diagram|control_logic_unit:inst|delay_3:delay_3_my|d_trig:d_trig_3                   ; work         ;
;    |reg_out_unit:inst9|                        ; 36 (0)      ; 36           ; 0           ; 0    ; 0 (0)        ; 36 (0)            ; 0 (0)            ; 0 (0)           ; 0 (0)      ; |General_block_diagram|reg_out_unit:inst9                                                           ; work         ;
;       |regs_dir_out:regs_dir_out_my|           ; 4 (0)       ; 4            ; 0           ; 0    ; 0 (0)        ; 4 (0)             ; 0 (0)            ; 0 (0)           ; 0 (0)      ; |General_block_diagram|reg_out_unit:inst9|regs_dir_out:regs_dir_out_my                              ; work         ;
;          |Reg_out_dir:Reg_out_0|               ; 4 (4)       ; 4            ; 0           ; 0    ; 0 (0)        ; 4 (4)             ; 0 (0)            ; 0 (0)           ; 0 (0)      ; |General_block_diagram|reg_out_unit:inst9|regs_dir_out:regs_dir_out_my|Reg_out_dir:Reg_out_0        ; work         ;
;       |separate_regs_out:separate_regs_out_my| ; 32 (0)      ; 32           ; 0           ; 0    ; 0 (0)        ; 32 (0)            ; 0 (0)            ; 0 (0)           ; 0 (0)      ; |General_block_diagram|reg_out_unit:inst9|separate_regs_out:separate_regs_out_my                    ; work         ;
;          |Reg_out:Reg_out_0|                   ; 8 (8)       ; 8            ; 0           ; 0    ; 0 (0)        ; 8 (8)             ; 0 (0)            ; 0 (0)           ; 0 (0)      ; |General_block_diagram|reg_out_unit:inst9|separate_regs_out:separate_regs_out_my|Reg_out:Reg_out_0  ; work         ;
;          |Reg_out:Reg_out_1|                   ; 8 (8)       ; 8            ; 0           ; 0    ; 0 (0)        ; 8 (8)             ; 0 (0)            ; 0 (0)           ; 0 (0)      ; |General_block_diagram|reg_out_unit:inst9|separate_regs_out:separate_regs_out_my|Reg_out:Reg_out_1  ; work         ;
;          |Reg_out:Reg_out_2|                   ; 8 (8)       ; 8            ; 0           ; 0    ; 0 (0)        ; 8 (8)             ; 0 (0)            ; 0 (0)           ; 0 (0)      ; |General_block_diagram|reg_out_unit:inst9|separate_regs_out:separate_regs_out_my|Reg_out:Reg_out_2  ; work         ;
;          |Reg_out:Reg_out_3|                   ; 8 (8)       ; 8            ; 0           ; 0    ; 0 (0)        ; 8 (8)             ; 0 (0)            ; 0 (0)           ; 0 (0)      ; |General_block_diagram|reg_out_unit:inst9|separate_regs_out:separate_regs_out_my|Reg_out:Reg_out_3  ; work         ;
+------------------------------------------------+-------------+--------------+-------------+------+--------------+-------------------+------------------+-----------------+------------+-----------------------------------------------------------------------------------------------------+--------------+
Note: For table entries with two numbers listed, the numbers in parentheses indicate the number of resources of the given type used by the specific entity alone. The numbers listed outside of parentheses indicate the total resources of the given type used by the specific entity and all of its sub-entities in the hierarchy.


+------------------------------------------------------+
; General Register Statistics                          ;
+----------------------------------------------+-------+
; Statistic                                    ; Value ;
+----------------------------------------------+-------+
; Total registers                              ; 39    ;
; Number of registers using Synchronous Clear  ; 0     ;
; Number of registers using Synchronous Load   ; 0     ;
; Number of registers using Asynchronous Clear ; 39    ;
; Number of registers using Asynchronous Load  ; 0     ;
; Number of registers using Clock Enable       ; 0     ;
; Number of registers using Preset             ; 0     ;
+----------------------------------------------+-------+


+----------------------------------------------------------------------------------------------------------------+
; Port Connectivity Checks: "reg_out_unit:inst9|separate_regs_out:separate_regs_out_my|Reg_out:Reg_out_15"       ;
+------+--------+----------+-------------------------------------------------------------------------------------+
; Port ; Type   ; Severity ; Details                                                                             ;
+------+--------+----------+-------------------------------------------------------------------------------------+
; Q    ; Output ; Info     ; Connected to dangling logic. Logic that only feeds a dangling port will be removed. ;
+------+--------+----------+-------------------------------------------------------------------------------------+


+-------------------------------+
; Analysis & Synthesis Messages ;
+-------------------------------+
Info: *******************************************************************
Info: Running Quartus II Analysis & Synthesis
    Info: Version 9.0 Build 235 06/17/2009 Service Pack 2 SJ Web Edition
    Info: Processing started: Thu Mar 25 16:26:13 2021
Info: Command: quartus_map --read_settings_files=on --write_settings_files=off out_set_reg -c out_set_reg
Info: Found 1 design units, including 1 entities, in source file My_SPI.v
    Info: Found entity 1: My_SPI
Info: Found 1 design units, including 1 entities, in source file out_set_reg.sv
    Info: Found entity 1: out_set_reg
Info: Found 3 design units, including 3 entities, in source file separate_regs_out.sv
    Info: Found entity 1: separate_regs_out
    Info: Found entity 2: Reg_out
    Info: Found entity 3: Buffer_IO
Info: Found 1 design units, including 1 entities, in source file DEC_for_regs.sv
    Info: Found entity 1: DEC_for_regs
Info: Found 1 design units, including 1 entities, in source file DEC_for_dir.sv
    Info: Found entity 1: DEC_for_dir
Info: Found 2 design units, including 2 entities, in source file regs_dir_out.sv
    Info: Found entity 1: regs_dir_out
    Info: Found entity 2: Reg_out_dir
Info: Found 2 design units, including 2 entities, in source file delay_3.sv
    Info: Found entity 1: delay_3
    Info: Found entity 2: d_trig
Info: Found 1 design units, including 1 entities, in source file General_block_diagram.bdf
    Info: Found entity 1: General_block_diagram
Info: Found 1 design units, including 1 entities, in source file DEC_common.sv
    Info: Found entity 1: DEC_common
Info: Found 1 design units, including 1 entities, in source file control_logic_unit.sv
    Info: Found entity 1: control_logic_unit
Warning (10275): Verilog HDL Module Instantiation warning at reg_out_unit.sv(198): ignored dangling comma in List of Port Connections
Info: Found 1 design units, including 1 entities, in source file reg_out_unit.sv
    Info: Found entity 1: reg_out_unit
Info: Elaborating entity "General_block_diagram" for the top level hierarchy
Info: Elaborating entity "reg_out_unit" for hierarchy "reg_out_unit:inst9"
Info: Elaborating entity "regs_dir_out" for hierarchy "reg_out_unit:inst9|regs_dir_out:regs_dir_out_my"
Info: Elaborating entity "Reg_out_dir" for hierarchy "reg_out_unit:inst9|regs_dir_out:regs_dir_out_my|Reg_out_dir:Reg_out_0"
Info: Elaborating entity "separate_regs_out" for hierarchy "reg_out_unit:inst9|separate_regs_out:separate_regs_out_my"
Info: Elaborating entity "Reg_out" for hierarchy "reg_out_unit:inst9|separate_regs_out:separate_regs_out_my|Reg_out:Reg_out_0"
Info: Elaborating entity "Buffer_IO" for hierarchy "reg_out_unit:inst9|separate_regs_out:separate_regs_out_my|Buffer_IO:Buffer_IO_0"
Info: Elaborating entity "control_logic_unit" for hierarchy "control_logic_unit:inst"
Info: Elaborating entity "delay_3" for hierarchy "control_logic_unit:inst|delay_3:delay_3_my"
Info: Elaborating entity "d_trig" for hierarchy "control_logic_unit:inst|delay_3:delay_3_my|d_trig:d_trig_1"
Info: Elaborating entity "DEC_common" for hierarchy "control_logic_unit:inst|DEC_common:DEC_common_my"
Info: Elaborating entity "DEC_for_regs" for hierarchy "control_logic_unit:inst|DEC_common:DEC_common_my|DEC_for_regs:DEC_for_regs_1"
Info: Elaborating entity "DEC_for_dir" for hierarchy "control_logic_unit:inst|DEC_common:DEC_common_my|DEC_for_dir:DEC_for_dir_1"
Warning: Design contains 1 input pin(s) that do not drive logic
    Warning (15610): No output dependent on input pin "data_in[13]"
Info: Implemented 145 device resources after synthesis - the final resource count might be different
    Info: Implemented 17 input pins
    Info: Implemented 52 output pins
    Info: Implemented 76 logic cells
Info: Generated suppressed messages file C:/Users/HFE-RM/Desktop/MKDS V2_old/out_set_reg.map.smsg
Info: Quartus II Analysis & Synthesis was successful. 0 errors, 3 warnings
    Info: Peak virtual memory: 228 megabytes
    Info: Processing ended: Thu Mar 25 16:26:15 2021
    Info: Elapsed time: 00:00:02
    Info: Total CPU time (on all processors): 00:00:01


+------------------------------------------+
; Analysis & Synthesis Suppressed Messages ;
+------------------------------------------+
The suppressed messages can be found in C:/Users/HFE-RM/Desktop/MKDS V2_old/out_set_reg.map.smsg.


